<?xml version="1.0" encoding="UTF-8"?>
<!-- Generated by org.testng.reporters.JUnitXMLReporter -->
<testsuite ignored="0" hostname="Siriki" failures="0" tests="1" name="Test" time="1.081" errors="0" timestamp="2024-03-05T00:36:59 IST">
  <testcase classname="com.uIFrameWork.companyName.projectNmae.testBase.TestBase" name="@BeforeTest beforeTest" time="1.045">
    <failure type="org.openqa.selenium.WebDriverException" message="unknown error: cannot find Chrome binary
Build info: version: &amp;apos;3.4.0&amp;apos;, revision: &amp;apos;unknown&amp;apos;, time: &amp;apos;unknown&amp;apos;
System info: host: &amp;apos;SIRIKI&amp;apos;, ip: &amp;apos;192.168.181.156&amp;apos;, os.name: &amp;apos;Windows 11&amp;apos;, os.arch: &amp;apos;amd64&amp;apos;, os.version: &amp;apos;10.0&amp;apos;, java.version: &amp;apos;17.0.9&amp;apos;
Driver info: driver.version: ChromeDriver
remote stacktrace: Backtrace:
	Ordinal0 [0x006DEB13+1501971]
	Ordinal0 [0x0065F6D1+980689]
	Ordinal0 [0x005E765F+489055]
	Ordinal0 [0x0057B7ED+47085]
	Ordinal0 [0x00599800+169984]
	Ordinal0 [0x0059942D+169005]
	Ordinal0 [0x005978EB+162027]
	Ordinal0 [0x00580AC7+68295]
	Ordinal0 [0x00581B40+72512]
	Ordinal0 [0x00581AD9+72409]
	Ordinal0 [0x00678F37+1085239]
	GetHandleVerifier [0x0077D7ED+503293]
	GetHandleVerifier [0x0077D580+502672]
	GetHandleVerifier [0x007846AC+531644]
	GetHandleVerifier [0x0077DFFA+505354]
	Ordinal0 [0x00670606+1050118]
	Ordinal0 [0x0067047F+1049727]
	Ordinal0 [0x0067AF9B+1093531]
	Ordinal0 [0x0067B103+1093891]
	Ordinal0 [0x0067A095+1089685]
	BaseThreadInitThunk [0x76327BA9+25]
	RtlInitializeExceptionChain [0x77BDBDAB+107]
	RtlClearBits [0x77BDBD2F+191]
">
      <![CDATA[org.openqa.selenium.WebDriverException: unknown error: cannot find Chrome binary
Build info: version: '3.4.0', revision: 'unknown', time: 'unknown'
System info: host: 'SIRIKI', ip: '192.168.181.156', os.name: 'Windows 11', os.arch: 'amd64', os.version: '10.0', java.version: '17.0.9'
Driver info: driver.version: ChromeDriver
remote stacktrace: Backtrace:
Ordinal0 [0x006DEB13+1501971]
Ordinal0 [0x0065F6D1+980689]
Ordinal0 [0x005E765F+489055]
Ordinal0 [0x0057B7ED+47085]
Ordinal0 [0x00599800+169984]
Ordinal0 [0x0059942D+169005]
Ordinal0 [0x005978EB+162027]
Ordinal0 [0x00580AC7+68295]
Ordinal0 [0x00581B40+72512]
Ordinal0 [0x00581AD9+72409]
Ordinal0 [0x00678F37+1085239]
GetHandleVerifier [0x0077D7ED+503293]
GetHandleVerifier [0x0077D580+502672]
GetHandleVerifier [0x007846AC+531644]
GetHandleVerifier [0x0077DFFA+505354]
Ordinal0 [0x00670606+1050118]
Ordinal0 [0x0067047F+1049727]
Ordinal0 [0x0067AF9B+1093531]
Ordinal0 [0x0067B103+1093891]
Ordinal0 [0x0067A095+1089685]
BaseThreadInitThunk [0x76327BA9+25]
RtlInitializeExceptionChain [0x77BDBDAB+107]
RtlClearBits [0x77BDBD2F+191]

at org.openqa.selenium.remote.W3CHandshakeResponse.lambda$new$0(W3CHandshakeResponse.java:57)
at org.openqa.selenium.remote.W3CHandshakeResponse.lambda$getResponseFunction$2(W3CHandshakeResponse.java:104)
at org.openqa.selenium.remote.ProtocolHandshake.lambda$createSession$22(ProtocolHandshake.java:365)
at java.base/java.util.stream.ReferencePipeline$3$1.accept(ReferencePipeline.java:197)
at java.base/java.util.Spliterators$ArraySpliterator.tryAdvance(Spliterators.java:1002)
at java.base/java.util.stream.ReferencePipeline.forEachWithCancel(ReferencePipeline.java:129)
at java.base/java.util.stream.AbstractPipeline.copyIntoWithCancel(AbstractPipeline.java:527)
at java.base/java.util.stream.AbstractPipeline.copyInto(AbstractPipeline.java:513)
at java.base/java.util.stream.AbstractPipeline.wrapAndCopyInto(AbstractPipeline.java:499)
at java.base/java.util.stream.FindOps$FindOp.evaluateSequential(FindOps.java:150)
at java.base/java.util.stream.AbstractPipeline.evaluate(AbstractPipeline.java:234)
at java.base/java.util.stream.ReferencePipeline.findFirst(ReferencePipeline.java:647)
at org.openqa.selenium.remote.ProtocolHandshake.createSession(ProtocolHandshake.java:368)
at org.openqa.selenium.remote.ProtocolHandshake.createSession(ProtocolHandshake.java:159)
at org.openqa.selenium.remote.HttpCommandExecutor.execute(HttpCommandExecutor.java:142)
at org.openqa.selenium.remote.service.DriverCommandExecutor.execute(DriverCommandExecutor.java:82)
at org.openqa.selenium.remote.RemoteWebDriver.execute(RemoteWebDriver.java:637)
at org.openqa.selenium.remote.RemoteWebDriver.startSession(RemoteWebDriver.java:250)
at org.openqa.selenium.remote.RemoteWebDriver.startSession(RemoteWebDriver.java:236)
at org.openqa.selenium.remote.RemoteWebDriver.<init>(RemoteWebDriver.java:137)
at org.openqa.selenium.chrome.ChromeDriver.<init>(ChromeDriver.java:184)
at org.openqa.selenium.chrome.ChromeDriver.<init>(ChromeDriver.java:171)
at org.openqa.selenium.chrome.ChromeDriver.<init>(ChromeDriver.java:158)
at com.uIFrameWork.companyName.projectNmae.hepler.browserConfigaration.ChromeBrowser.getChromeDriver(ChromeBrowser.java:42)
at com.uIFrameWork.companyName.projectNmae.testBase.TestBase.getBrowserObject(TestBase.java:111)
at com.uIFrameWork.companyName.projectNmae.testBase.TestBase.setUpDriver(TestBase.java:132)
at com.uIFrameWork.companyName.projectNmae.testBase.TestBase.beforeTest(TestBase.java:64)
... Removed 29 stack frames]]>
    </failure>
  </testcase> <!-- @BeforeTest beforeTest -->
  <testcase classname="com.uIFrameWork.companyName.projectNmae.testBase.TestBase" name="@BeforeMethod beforeMethod" time="-1.70957921938E9">
    <skipped/>
  </testcase> <!-- @BeforeMethod beforeMethod -->
  <testcase classname="com.uIFrameWork.companyName.projectNmae.testBase.TestBase" name="@AfterMethod afterMethod" time="-1.709579219387E9">
    <skipped/>
  </testcase> <!-- @AfterMethod afterMethod -->
  <testcase classname="com.uIFrameWork.companyName.projectNmae.testBase.TestBase" name="@AfterTest afterTest" time="-1.70957921939E9">
    <skipped/>
  </testcase> <!-- @AfterTest afterTest -->
  <testcase classname="com.uIFrameWork.companyName.projectNmae.testScript.LogInPage.LoginTest" name="testLoginToApplication" time="0.0">
    <skipped/>
  </testcase> <!-- testLoginToApplication -->
</testsuite> <!-- Test -->
