<!DOCTYPE html PUBLIC "-//W3C//DTD XHTML 1.1//EN" "https://www.w3.org/TR/xhtml11/DTD/xhtml11.dtd">
<html xmlns="https://www.w3.org/1999/xhtml">
<head>
<meta http-equiv="content-type" content="text/html; charset=UTF-8"/>
<title>TestNG Report</title>
<style type="text/css">table {margin-bottom:10px;border-collapse:collapse;empty-cells:show}th,td {border:1px solid #009;padding:.25em .5em}th {vertical-align:bottom}td {vertical-align:top}table a {font-weight:bold}.stripe td {background-color: #E6EBF9}.num {text-align:right}.passedodd td {background-color: #3F3}.passedeven td {background-color: #0A0}.skippedodd td {background-color: #DDD}.skippedeven td {background-color: #CCC}.failedodd td,.attn {background-color: #F33}.failedeven td,.stripe .attn {background-color: #D00}.stacktrace {white-space:pre;font-family:monospace}.totop {font-size:85%;text-align:center;border-bottom:2px solid #000}.invisible {display:none}</style>
</head>
<body>
<table>
<tr><th>Test</th><th># Passed</th><th># Skipped</th><th># Retried</th><th># Failed</th><th>Time (ms)</th><th>Included Groups</th><th>Excluded Groups</th></tr>
<tr><th colspan="8">Suite</th></tr>
<tr><td><a href="#t0">Test</a></td><td class="num">0</td><td class="num attn">1</td><td class="num">0</td><td class="num">0</td><td class="num">1,081</td><td></td><td></td></tr>
</table>
<table id='summary'><thead><tr><th>Class</th><th>Method</th><th>Start</th><th>Time (ms)</th></tr></thead><tbody><tr><th colspan="4">Suite</th></tr></tbody><tbody id="t0"><tr><th colspan="4">Test &#8212; failed (configuration methods)</th></tr><tr class="failedeven"><td rowspan="1">com.uIFrameWork.companyName.projectNmae.testScript.LogInPage.LoginTest</td><td><a href="#m0">beforeTest</a></td><td rowspan="1">1709579218311</td><td rowspan="1">1045</td></tr><tr><th colspan="4">Test &#8212; skipped (configuration methods)</th></tr><tr class="skippedeven"><td rowspan="3">com.uIFrameWork.companyName.projectNmae.testScript.LogInPage.LoginTest</td><td><a href="#m1">afterMethod</a></td><td rowspan="1">1709579219387</td><td rowspan="1">-1709579219387</td></tr><tr class="skippedeven"><td><a href="#m2">afterTest</a></td><td rowspan="1">1709579219390</td><td rowspan="1">-1709579219390</td></tr><tr class="skippedeven"><td><a href="#m3">beforeMethod</a></td><td rowspan="1">1709579219380</td><td rowspan="1">-1709579219380</td></tr><tr><th colspan="4">Test &#8212; skipped</th></tr><tr class="skippedeven"><td rowspan="1">com.uIFrameWork.companyName.projectNmae.testScript.LogInPage.LoginTest</td><td><a href="#m4">testLoginToApplication</a></td><td rowspan="1">1709579219381</td><td rowspan="1">0</td></tr></tbody>
</table>
<h2>Test</h2><h3 id="m0">com.uIFrameWork.companyName.projectNmae.testScript.LogInPage.LoginTest#beforeTest</h3><table class="result"><tr><th>Exception</th></tr><tr><td><div class="stacktrace">org.openqa.selenium.WebDriverException: unknown error: cannot find Chrome binary
Build info: version: &apos;3.4.0&apos;, revision: &apos;unknown&apos;, time: &apos;unknown&apos;
System info: host: &apos;SIRIKI&apos;, ip: &apos;192.168.181.156&apos;, os.name: &apos;Windows 11&apos;, os.arch: &apos;amd64&apos;, os.version: &apos;10.0&apos;, java.version: &apos;17.0.9&apos;
Driver info: driver.version: ChromeDriver
remote stacktrace: Backtrace:
	Ordinal0 [0x006DEB13+1501971]
	Ordinal0 [0x0065F6D1+980689]
	Ordinal0 [0x005E765F+489055]
	Ordinal0 [0x0057B7ED+47085]
	Ordinal0 [0x00599800+169984]
	Ordinal0 [0x0059942D+169005]
	Ordinal0 [0x005978EB+162027]
	Ordinal0 [0x00580AC7+68295]
	Ordinal0 [0x00581B40+72512]
	Ordinal0 [0x00581AD9+72409]
	Ordinal0 [0x00678F37+1085239]
	GetHandleVerifier [0x0077D7ED+503293]
	GetHandleVerifier [0x0077D580+502672]
	GetHandleVerifier [0x007846AC+531644]
	GetHandleVerifier [0x0077DFFA+505354]
	Ordinal0 [0x00670606+1050118]
	Ordinal0 [0x0067047F+1049727]
	Ordinal0 [0x0067AF9B+1093531]
	Ordinal0 [0x0067B103+1093891]
	Ordinal0 [0x0067A095+1089685]
	BaseThreadInitThunk [0x76327BA9+25]
	RtlInitializeExceptionChain [0x77BDBDAB+107]
	RtlClearBits [0x77BDBD2F+191]

	at org.openqa.selenium.remote.W3CHandshakeResponse.lambda$new$0(W3CHandshakeResponse.java:57)
	at org.openqa.selenium.remote.W3CHandshakeResponse.lambda$getResponseFunction$2(W3CHandshakeResponse.java:104)
	at org.openqa.selenium.remote.ProtocolHandshake.lambda$createSession$22(ProtocolHandshake.java:365)
	at java.base/java.util.stream.ReferencePipeline$3$1.accept(ReferencePipeline.java:197)
	at java.base/java.util.Spliterators$ArraySpliterator.tryAdvance(Spliterators.java:1002)
	at java.base/java.util.stream.ReferencePipeline.forEachWithCancel(ReferencePipeline.java:129)
	at java.base/java.util.stream.AbstractPipeline.copyIntoWithCancel(AbstractPipeline.java:527)
	at java.base/java.util.stream.AbstractPipeline.copyInto(AbstractPipeline.java:513)
	at java.base/java.util.stream.AbstractPipeline.wrapAndCopyInto(AbstractPipeline.java:499)
	at java.base/java.util.stream.FindOps$FindOp.evaluateSequential(FindOps.java:150)
	at java.base/java.util.stream.AbstractPipeline.evaluate(AbstractPipeline.java:234)
	at java.base/java.util.stream.ReferencePipeline.findFirst(ReferencePipeline.java:647)
	at org.openqa.selenium.remote.ProtocolHandshake.createSession(ProtocolHandshake.java:368)
	at org.openqa.selenium.remote.ProtocolHandshake.createSession(ProtocolHandshake.java:159)
	at org.openqa.selenium.remote.HttpCommandExecutor.execute(HttpCommandExecutor.java:142)
	at org.openqa.selenium.remote.service.DriverCommandExecutor.execute(DriverCommandExecutor.java:82)
	at org.openqa.selenium.remote.RemoteWebDriver.execute(RemoteWebDriver.java:637)
	at org.openqa.selenium.remote.RemoteWebDriver.startSession(RemoteWebDriver.java:250)
	at org.openqa.selenium.remote.RemoteWebDriver.startSession(RemoteWebDriver.java:236)
	at org.openqa.selenium.remote.RemoteWebDriver.&lt;init&gt;(RemoteWebDriver.java:137)
	at org.openqa.selenium.chrome.ChromeDriver.&lt;init&gt;(ChromeDriver.java:184)
	at org.openqa.selenium.chrome.ChromeDriver.&lt;init&gt;(ChromeDriver.java:171)
	at org.openqa.selenium.chrome.ChromeDriver.&lt;init&gt;(ChromeDriver.java:158)
	at com.uIFrameWork.companyName.projectNmae.hepler.browserConfigaration.ChromeBrowser.getChromeDriver(ChromeBrowser.java:42)
	at com.uIFrameWork.companyName.projectNmae.testBase.TestBase.getBrowserObject(TestBase.java:111)
	at com.uIFrameWork.companyName.projectNmae.testBase.TestBase.setUpDriver(TestBase.java:132)
	at com.uIFrameWork.companyName.projectNmae.testBase.TestBase.beforeTest(TestBase.java:64)
... Removed 29 stack frames</div></td></tr></table><p class="totop"><a href="#summary">back to summary</a></p>
<h3 id="m1">com.uIFrameWork.companyName.projectNmae.testScript.LogInPage.LoginTest#afterMethod</h3><table class="result"><tr><th class="invisible"/></tr></table><p class="totop"><a href="#summary">back to summary</a></p>
<h3 id="m2">com.uIFrameWork.companyName.projectNmae.testScript.LogInPage.LoginTest#afterTest</h3><table class="result"><tr><th class="invisible"/></tr></table><p class="totop"><a href="#summary">back to summary</a></p>
<h3 id="m3">com.uIFrameWork.companyName.projectNmae.testScript.LogInPage.LoginTest#beforeMethod</h3><table class="result"><tr><th class="invisible"/></tr></table><p class="totop"><a href="#summary">back to summary</a></p>
<h3 id="m4">com.uIFrameWork.companyName.projectNmae.testScript.LogInPage.LoginTest#testLoginToApplication</h3><table class="result"><tr><th>Exception</th></tr><tr><td><div class="stacktrace">org.openqa.selenium.WebDriverException: unknown error: cannot find Chrome binary
Build info: version: &apos;3.4.0&apos;, revision: &apos;unknown&apos;, time: &apos;unknown&apos;
System info: host: &apos;SIRIKI&apos;, ip: &apos;192.168.181.156&apos;, os.name: &apos;Windows 11&apos;, os.arch: &apos;amd64&apos;, os.version: &apos;10.0&apos;, java.version: &apos;17.0.9&apos;
Driver info: driver.version: ChromeDriver
remote stacktrace: Backtrace:
	Ordinal0 [0x006DEB13+1501971]
	Ordinal0 [0x0065F6D1+980689]
	Ordinal0 [0x005E765F+489055]
	Ordinal0 [0x0057B7ED+47085]
	Ordinal0 [0x00599800+169984]
	Ordinal0 [0x0059942D+169005]
	Ordinal0 [0x005978EB+162027]
	Ordinal0 [0x00580AC7+68295]
	Ordinal0 [0x00581B40+72512]
	Ordinal0 [0x00581AD9+72409]
	Ordinal0 [0x00678F37+1085239]
	GetHandleVerifier [0x0077D7ED+503293]
	GetHandleVerifier [0x0077D580+502672]
	GetHandleVerifier [0x007846AC+531644]
	GetHandleVerifier [0x0077DFFA+505354]
	Ordinal0 [0x00670606+1050118]
	Ordinal0 [0x0067047F+1049727]
	Ordinal0 [0x0067AF9B+1093531]
	Ordinal0 [0x0067B103+1093891]
	Ordinal0 [0x0067A095+1089685]
	BaseThreadInitThunk [0x76327BA9+25]
	RtlInitializeExceptionChain [0x77BDBDAB+107]
	RtlClearBits [0x77BDBD2F+191]

	at org.openqa.selenium.remote.W3CHandshakeResponse.lambda$new$0(W3CHandshakeResponse.java:57)
	at org.openqa.selenium.remote.W3CHandshakeResponse.lambda$getResponseFunction$2(W3CHandshakeResponse.java:104)
	at org.openqa.selenium.remote.ProtocolHandshake.lambda$createSession$22(ProtocolHandshake.java:365)
	at java.base/java.util.stream.ReferencePipeline$3$1.accept(ReferencePipeline.java:197)
	at java.base/java.util.Spliterators$ArraySpliterator.tryAdvance(Spliterators.java:1002)
	at java.base/java.util.stream.ReferencePipeline.forEachWithCancel(ReferencePipeline.java:129)
	at java.base/java.util.stream.AbstractPipeline.copyIntoWithCancel(AbstractPipeline.java:527)
	at java.base/java.util.stream.AbstractPipeline.copyInto(AbstractPipeline.java:513)
	at java.base/java.util.stream.AbstractPipeline.wrapAndCopyInto(AbstractPipeline.java:499)
	at java.base/java.util.stream.FindOps$FindOp.evaluateSequential(FindOps.java:150)
	at java.base/java.util.stream.AbstractPipeline.evaluate(AbstractPipeline.java:234)
	at java.base/java.util.stream.ReferencePipeline.findFirst(ReferencePipeline.java:647)
	at org.openqa.selenium.remote.ProtocolHandshake.createSession(ProtocolHandshake.java:368)
	at org.openqa.selenium.remote.ProtocolHandshake.createSession(ProtocolHandshake.java:159)
	at org.openqa.selenium.remote.HttpCommandExecutor.execute(HttpCommandExecutor.java:142)
	at org.openqa.selenium.remote.service.DriverCommandExecutor.execute(DriverCommandExecutor.java:82)
	at org.openqa.selenium.remote.RemoteWebDriver.execute(RemoteWebDriver.java:637)
	at org.openqa.selenium.remote.RemoteWebDriver.startSession(RemoteWebDriver.java:250)
	at org.openqa.selenium.remote.RemoteWebDriver.startSession(RemoteWebDriver.java:236)
	at org.openqa.selenium.remote.RemoteWebDriver.&lt;init&gt;(RemoteWebDriver.java:137)
	at org.openqa.selenium.chrome.ChromeDriver.&lt;init&gt;(ChromeDriver.java:184)
	at org.openqa.selenium.chrome.ChromeDriver.&lt;init&gt;(ChromeDriver.java:171)
	at org.openqa.selenium.chrome.ChromeDriver.&lt;init&gt;(ChromeDriver.java:158)
	at com.uIFrameWork.companyName.projectNmae.hepler.browserConfigaration.ChromeBrowser.getChromeDriver(ChromeBrowser.java:42)
	at com.uIFrameWork.companyName.projectNmae.testBase.TestBase.getBrowserObject(TestBase.java:111)
	at com.uIFrameWork.companyName.projectNmae.testBase.TestBase.setUpDriver(TestBase.java:132)
	at com.uIFrameWork.companyName.projectNmae.testBase.TestBase.beforeTest(TestBase.java:64)
... Removed 29 stack frames</div></td></tr></table><p class="totop"><a href="#summary">back to summary</a></p>
</body>
</html>
