<?xml version="1.0" encoding="UTF-8"?>
<!-- Generated by org.testng.reporters.JUnitReportReporter -->
<testsuite hostname="Siriki" failures="0" tests="2" name="com.uIFrameWork.companyName.projectNmae.testScript.LogInPage.LoginTest" time="1.045" errors="1" timestamp="2024-03-05T00:36:59 IST" skipped="1">
  <testcase classname="com.uIFrameWork.companyName.projectNmae.testScript.LogInPage.LoginTest" name="testLoginToApplication" time="0.000">
    <skipped/>
  </testcase> <!-- testLoginToApplication -->
  <system-out/>
  <testcase classname="com.uIFrameWork.companyName.projectNmae.testScript.LogInPage.LoginTest" name="beforeTest" time="1.045">
    <error message="unknown error: cannot find Chrome binary
Build info: version: &#039;3.4.0&#039;, revision: &#039;unknown&#039;, time: &#039;unknown&#039;
System info: host: &#039;SIRIKI&#039;, ip: &#039;192.168.181.156&#039;, os.name: &#039;Windows 11&#039;, os.arch: &#039;amd64&#039;, os.version: &#039;10.0&#039;, java.version: &#039;17.0.9&#039;
Driver info: driver.version: ChromeDriver
remote stacktrace: Backtrace:
	Ordinal0 [0x006DEB13+1501971]
	Ordinal0 [0x0065F6D1+980689]
	Ordinal0 [0x005E765F+489055]
	Ordinal0 [0x0057B7ED+47085]
	Ordinal0 [0x00599800+169984]
	Ordinal0 [0x0059942D+169005]
	Ordinal0 [0x005978EB+162027]
	Ordinal0 [0x00580AC7+68295]
	Ordinal0 [0x00581B40+72512]
	Ordinal0 [0x00581AD9+72409]
	Ordinal0 [0x00678F37+1085239]
	GetHandleVerifier [0x0077D7ED+503293]
	GetHandleVerifier [0x0077D580+502672]
	GetHandleVerifier [0x007846AC+531644]
	GetHandleVerifier [0x0077DFFA+505354]
	Ordinal0 [0x00670606+1050118]
	Ordinal0 [0x0067047F+1049727]
	Ordinal0 [0x0067AF9B+1093531]
	Ordinal0 [0x0067B103+1093891]
	Ordinal0 [0x0067A095+1089685]
	BaseThreadInitThunk [0x76327BA9+25]
	RtlInitializeExceptionChain [0x77BDBDAB+107]
	RtlClearBits [0x77BDBD2F+191]
" type="org.openqa.selenium.WebDriverException">
      <![CDATA[org.openqa.selenium.WebDriverException: unknown error: cannot find Chrome binary
Build info: version: '3.4.0', revision: 'unknown', time: 'unknown'
System info: host: 'SIRIKI', ip: '192.168.181.156', os.name: 'Windows 11', os.arch: 'amd64', os.version: '10.0', java.version: '17.0.9'
Driver info: driver.version: ChromeDriver
remote stacktrace: Backtrace:
Ordinal0 [0x006DEB13+1501971]
Ordinal0 [0x0065F6D1+980689]
Ordinal0 [0x005E765F+489055]
Ordinal0 [0x0057B7ED+47085]
Ordinal0 [0x00599800+169984]
Ordinal0 [0x0059942D+169005]
Ordinal0 [0x005978EB+162027]
Ordinal0 [0x00580AC7+68295]
Ordinal0 [0x00581B40+72512]
Ordinal0 [0x00581AD9+72409]
Ordinal0 [0x00678F37+1085239]
GetHandleVerifier [0x0077D7ED+503293]
GetHandleVerifier [0x0077D580+502672]
GetHandleVerifier [0x007846AC+531644]
GetHandleVerifier [0x0077DFFA+505354]
Ordinal0 [0x00670606+1050118]
Ordinal0 [0x0067047F+1049727]
Ordinal0 [0x0067AF9B+1093531]
Ordinal0 [0x0067B103+1093891]
Ordinal0 [0x0067A095+1089685]
BaseThreadInitThunk [0x76327BA9+25]
RtlInitializeExceptionChain [0x77BDBDAB+107]
RtlClearBits [0x77BDBD2F+191]

at java.base/jdk.internal.reflect.NativeConstructorAccessorImpl.newInstance0(Native Method)
at java.base/jdk.internal.reflect.NativeConstructorAccessorImpl.newInstance(NativeConstructorAccessorImpl.java:77)
at java.base/jdk.internal.reflect.DelegatingConstructorAccessorImpl.newInstance(DelegatingConstructorAccessorImpl.java:45)
at java.base/java.lang.reflect.Constructor.newInstanceWithCaller(Constructor.java:499)
at java.base/java.lang.reflect.Constructor.newInstance(Constructor.java:480)
at org.openqa.selenium.remote.W3CHandshakeResponse.lambda$new$0(W3CHandshakeResponse.java:57)
at org.openqa.selenium.remote.W3CHandshakeResponse.lambda$getResponseFunction$2(W3CHandshakeResponse.java:104)
at org.openqa.selenium.remote.ProtocolHandshake.lambda$createSession$22(ProtocolHandshake.java:365)
at java.base/java.util.stream.ReferencePipeline$3$1.accept(ReferencePipeline.java:197)
at java.base/java.util.Spliterators$ArraySpliterator.tryAdvance(Spliterators.java:1002)
at java.base/java.util.stream.ReferencePipeline.forEachWithCancel(ReferencePipeline.java:129)
at java.base/java.util.stream.AbstractPipeline.copyIntoWithCancel(AbstractPipeline.java:527)
at java.base/java.util.stream.AbstractPipeline.copyInto(AbstractPipeline.java:513)
at java.base/java.util.stream.AbstractPipeline.wrapAndCopyInto(AbstractPipeline.java:499)
at java.base/java.util.stream.FindOps$FindOp.evaluateSequential(FindOps.java:150)
at java.base/java.util.stream.AbstractPipeline.evaluate(AbstractPipeline.java:234)
at java.base/java.util.stream.ReferencePipeline.findFirst(ReferencePipeline.java:647)
at org.openqa.selenium.remote.ProtocolHandshake.createSession(ProtocolHandshake.java:368)
at org.openqa.selenium.remote.ProtocolHandshake.createSession(ProtocolHandshake.java:159)
at org.openqa.selenium.remote.HttpCommandExecutor.execute(HttpCommandExecutor.java:142)
at org.openqa.selenium.remote.service.DriverCommandExecutor.execute(DriverCommandExecutor.java:82)
at org.openqa.selenium.remote.RemoteWebDriver.execute(RemoteWebDriver.java:637)
at org.openqa.selenium.remote.RemoteWebDriver.startSession(RemoteWebDriver.java:250)
at org.openqa.selenium.remote.RemoteWebDriver.startSession(RemoteWebDriver.java:236)
at org.openqa.selenium.remote.RemoteWebDriver.<init>(RemoteWebDriver.java:137)
at org.openqa.selenium.chrome.ChromeDriver.<init>(ChromeDriver.java:184)
at org.openqa.selenium.chrome.ChromeDriver.<init>(ChromeDriver.java:171)
at org.openqa.selenium.chrome.ChromeDriver.<init>(ChromeDriver.java:158)
at com.uIFrameWork.companyName.projectNmae.hepler.browserConfigaration.ChromeBrowser.getChromeDriver(ChromeBrowser.java:42)
at com.uIFrameWork.companyName.projectNmae.testBase.TestBase.getBrowserObject(TestBase.java:111)
at com.uIFrameWork.companyName.projectNmae.testBase.TestBase.setUpDriver(TestBase.java:132)
at com.uIFrameWork.companyName.projectNmae.testBase.TestBase.beforeTest(TestBase.java:64)
at java.base/jdk.internal.reflect.NativeMethodAccessorImpl.invoke0(Native Method)
at java.base/jdk.internal.reflect.NativeMethodAccessorImpl.invoke(NativeMethodAccessorImpl.java:77)
at java.base/jdk.internal.reflect.DelegatingMethodAccessorImpl.invoke(DelegatingMethodAccessorImpl.java:43)
at java.base/java.lang.reflect.Method.invoke(Method.java:568)
at org.testng.internal.MethodInvocationHelper.invokeMethod(MethodInvocationHelper.java:133)
at org.testng.internal.MethodInvocationHelper.invokeMethodConsideringTimeout(MethodInvocationHelper.java:62)
at org.testng.internal.ConfigInvoker.invokeConfigurationMethod(ConfigInvoker.java:385)
at org.testng.internal.ConfigInvoker.invokeConfigurations(ConfigInvoker.java:321)
at org.testng.TestRunner.invokeTestConfigurations(TestRunner.java:637)
at org.testng.TestRunner.beforeRun(TestRunner.java:627)
at org.testng.TestRunner.run(TestRunner.java:589)
at org.testng.SuiteRunner.runTest(SuiteRunner.java:377)
at org.testng.SuiteRunner.runSequentially(SuiteRunner.java:371)
at org.testng.SuiteRunner.privateRun(SuiteRunner.java:332)
at org.testng.SuiteRunner.run(SuiteRunner.java:276)
at org.testng.SuiteRunnerWorker.runSuite(SuiteRunnerWorker.java:53)
at org.testng.SuiteRunnerWorker.run(SuiteRunnerWorker.java:96)
at org.testng.TestNG.runSuitesSequentially(TestNG.java:1212)
at org.testng.TestNG.runSuitesLocally(TestNG.java:1134)
at org.testng.TestNG.runSuites(TestNG.java:1063)
at org.testng.TestNG.run(TestNG.java:1031)
at org.testng.remote.AbstractRemoteTestNG.run(AbstractRemoteTestNG.java:115)
at org.testng.remote.RemoteTestNG.initAndRun(RemoteTestNG.java:251)
at org.testng.remote.RemoteTestNG.main(RemoteTestNG.java:77)
]]>
    </error>
  </testcase> <!-- beforeTest -->
  <system-out/>
</testsuite> <!-- com.uIFrameWork.companyName.projectNmae.testScript.LogInPage.LoginTest -->
